<?xml version="1.0" encoding="UTF-8"?>
<testsuite name="com.manning.gia.todo.web.ToDoTest" tests="1" skipped="0" failures="0" errors="0" timestamp="2015-07-18T09:12:25" hostname="Angel-2.local" time="6.681">
  <properties/>
  <testcase name="openTodo" classname="com.manning.gia.todo.web.ToDoTest" time="6.681"/>
  <system-out><![CDATA[]]></system-out>
  <system-err><![CDATA[]]></system-err>
</testsuite>
